<?xml version="1.0" encoding="UTF-8"?>
<!-- Generated by org.testng.reporters.JUnitReportReporter -->
<testsuite hostname="Prakash" failures="0" tests="13" name="com.api.testing.RestAssuredTest.AppTest" time="6.382" errors="0" timestamp="2025-03-21T00:28:45 IST" skipped="0">
  <testcase classname="com.api.testing.RestAssuredTest.AppTest" name="testUserSignup" time="3.139"/>
  <testcase classname="com.api.testing.RestAssuredTest.AppTest" name="testUserLogin" time="1.992"/>
  <testcase classname="com.api.testing.RestAssuredTest.AppTest" name="testCreateBook" time="0.110"/>
  <testcase classname="com.api.testing.RestAssuredTest.AppTest" name="testGetBookById" time="0.086"/>
  <testcase classname="com.api.testing.RestAssuredTest.AppTest" name="testDeleteBook" time="0.046"/>
  <testcase classname="com.api.testing.RestAssuredTest.AppTest" name="testInvalidLogin" time="0.046"/>
  <testcase classname="com.api.testing.RestAssuredTest.AppTest" name="testUnauthorizedAccess" time="0.027"/>
  <testcase classname="com.api.testing.RestAssuredTest.AppTest" name="testCreateMultipleBooks" time="0.053"/>
  <testcase classname="com.api.testing.RestAssuredTest.AppTest" name="testCreateMultipleBooks" time="0.048"/>
  <testcase classname="com.api.testing.RestAssuredTest.AppTest" name="testCreateMultipleBooks" time="0.048"/>
  <testcase classname="com.api.testing.RestAssuredTest.AppTest" name="testSignupWithExistingEmail" time="0.037"/>
  <testcase classname="com.api.testing.RestAssuredTest.AppTest" name="testLoginWithIncorrectPassword" time="0.708"/>
  <testcase classname="com.api.testing.RestAssuredTest.AppTest" name="testGetBookWithInvalidId" time="0.042"/>
</testsuite> <!-- com.api.testing.RestAssuredTest.AppTest -->
