<?xml version="1.0" encoding="UTF-8"?>
<!-- Generated by org.testng.reporters.JUnitReportReporter -->
<testsuite hostname="Prakash" failures="0" tests="10" name="com.api.testing.RestAssuredTest.AppTest" time="5.324" errors="0" timestamp="2025-03-19T19:58:30 IST" skipped="0">
  <testcase classname="com.api.testing.RestAssuredTest.AppTest" name="testUserSignup" time="3.122"/>
  <testcase classname="com.api.testing.RestAssuredTest.AppTest" name="testUserLogin" time="1.856"/>
  <testcase classname="com.api.testing.RestAssuredTest.AppTest" name="testCreateBook" time="0.083"/>
  <testcase classname="com.api.testing.RestAssuredTest.AppTest" name="testGetBookById" time="0.061"/>
  <testcase classname="com.api.testing.RestAssuredTest.AppTest" name="testDeleteBook" time="0.040"/>
  <testcase classname="com.api.testing.RestAssuredTest.AppTest" name="testInvalidLogin" time="0.028"/>
  <testcase classname="com.api.testing.RestAssuredTest.AppTest" name="testUnauthorizedAccess" time="0.023"/>
  <testcase classname="com.api.testing.RestAssuredTest.AppTest" name="testCreateMultipleBooks" time="0.036"/>
  <testcase classname="com.api.testing.RestAssuredTest.AppTest" name="testCreateMultipleBooks" time="0.041"/>
  <testcase classname="com.api.testing.RestAssuredTest.AppTest" name="testCreateMultipleBooks" time="0.034"/>
</testsuite> <!-- com.api.testing.RestAssuredTest.AppTest -->
